{
  "stats": {
    "suites": 0,
    "tests": 3,
    "passes": 3,
    "pending": 0,
    "failures": 0,
    "start": "2023-09-04T10:53:48.130Z",
    "end": "2023-09-04T10:53:53.290Z",
    "duration": 5160,
    "testsRegistered": 3,
    "passPercent": 100,
    "pendingPercent": 0,
    "other": 0,
    "hasOther": false,
    "skipped": 0,
    "hasSkipped": false
  },
  "results": [
    {
      "uuid": "d7ce6894-7d3c-44b1-8384-18f379aec8c0",
      "title": "",
      "fullFile": "cypress/integration/login.ts",
      "file": "cypress/integration/login.ts",
      "beforeHooks": [],
      "afterHooks": [],
      "tests": [
        {
          "title": "TS01_TC0101 Successfully Login",
          "fullTitle": "TS01_TC0101 Successfully Login",
          "timedOut": null,
          "duration": 1915,
          "state": "passed",
          "speed": "fast",
          "pass": true,
          "fail": false,
          "pending": false,
          "context": null,
          "code": "loginPage.login(URL, 'standard_user', 'secret_sauce');\nloginPage.assertLogin();",
          "err": {},
          "uuid": "e25b36da-0059-44b3-890f-20c2172298c3",
          "parentUUID": "d7ce6894-7d3c-44b1-8384-18f379aec8c0",
          "isHook": false,
          "skipped": false
        },
        {
          "title": "TS01_TC0102 Failed login with invalid input password",
          "fullTitle": "TS01_TC0102 Failed login with invalid input password",
          "timedOut": null,
          "duration": 890,
          "state": "passed",
          "speed": "fast",
          "pass": true,
          "fail": false,
          "pending": false,
          "context": null,
          "code": "loginPage.login(URL, 'standard_user', 'invalidPass');\nloginPage.assertLoginFail();",
          "err": {},
          "uuid": "48cf97b5-8224-4c73-99bb-12d8f05a8158",
          "parentUUID": "d7ce6894-7d3c-44b1-8384-18f379aec8c0",
          "isHook": false,
          "skipped": false
        },
        {
          "title": "TS02_TC0201 Verify product Sauce Labs Backpack visible ",
          "fullTitle": "TS02_TC0201 Verify product Sauce Labs Backpack visible ",
          "timedOut": null,
          "duration": 964,
          "state": "passed",
          "speed": "fast",
          "pass": true,
          "fail": false,
          "pending": false,
          "context": null,
          "code": "loginPage.login(URL, 'standard_user', 'secret_sauce');\nloginPage.assertLogin();\ndashboardPage.sauceLabsBackpack();",
          "err": {},
          "uuid": "16182929-41ce-4175-a59e-3a1e3801a2ba",
          "parentUUID": "d7ce6894-7d3c-44b1-8384-18f379aec8c0",
          "isHook": false,
          "skipped": false
        }
      ],
      "suites": [],
      "passes": [
        "e25b36da-0059-44b3-890f-20c2172298c3",
        "48cf97b5-8224-4c73-99bb-12d8f05a8158",
        "16182929-41ce-4175-a59e-3a1e3801a2ba"
      ],
      "failures": [],
      "pending": [],
      "skipped": [],
      "duration": 3769,
      "root": true,
      "rootEmpty": false,
      "_timeout": 2000
    }
  ],
  "meta": {
    "mocha": {
      "version": "7.0.1"
    },
    "mochawesome": {
      "options": {
        "quiet": false,
        "reportFilename": "mochawesome",
        "saveHtml": false,
        "saveJson": true,
        "consoleReporter": "spec",
        "useInlineDiffs": false,
        "code": true
      },
      "version": "7.1.3"
    },
    "marge": {
      "options": {
        "chart": true,
        "overwrite": false,
        "html": false,
        "json": true,
        "reportDir": "cypress/reports"
      },
      "version": "6.2.0"
    }
  }
}