{
  "stats": {
    "suites": 0,
    "tests": 2,
    "passes": 2,
    "pending": 0,
    "failures": 0,
    "start": "2023-09-04T10:54:02.162Z",
    "end": "2023-09-04T10:54:05.933Z",
    "duration": 3771,
    "testsRegistered": 2,
    "passPercent": 100,
    "pendingPercent": 0,
    "other": 0,
    "hasOther": false,
    "skipped": 0,
    "hasSkipped": false
  },
  "results": [
    {
      "uuid": "f49a6cdc-2d3a-414b-94cd-6885b95c1c41",
      "title": "",
      "fullFile": "cypress/integration/product_skenario.ts",
      "file": "cypress/integration/product_skenario.ts",
      "beforeHooks": [],
      "afterHooks": [],
      "tests": [
        {
          "title": "TS03_TC_0301 Successfully added a product to cart",
          "fullTitle": "TS03_TC_0301 Successfully added a product to cart",
          "timedOut": null,
          "duration": 1123,
          "state": "passed",
          "speed": "fast",
          "pass": true,
          "fail": false,
          "pending": false,
          "context": null,
          "code": "loginPage.login(URL, 'standard_user', 'secret_sauce');\nproduct.addProduct();\nproduct.assertionCart();",
          "err": {},
          "uuid": "5b3874f7-60ab-4796-8c39-7293c63c084b",
          "parentUUID": "f49a6cdc-2d3a-414b-94cd-6885b95c1c41",
          "isHook": false,
          "skipped": false
        },
        {
          "title": "TS04_TC_0401 Successfully checkout a product",
          "fullTitle": "TS04_TC_0401 Successfully checkout a product",
          "timedOut": null,
          "duration": 1969,
          "state": "passed",
          "speed": "fast",
          "pass": true,
          "fail": false,
          "pending": false,
          "context": null,
          "code": "loginPage.login(URL, 'standard_user', 'secret_sauce');\nproduct.addProduct();\nproduct.CartClick();\nproduct.checkoutProduct();\nproduct.checkoutInfoProduct();\nproduct.checkoutOverviewAssrt();",
          "err": {},
          "uuid": "68829655-1434-4924-ad17-d4f22ef53786",
          "parentUUID": "f49a6cdc-2d3a-414b-94cd-6885b95c1c41",
          "isHook": false,
          "skipped": false
        }
      ],
      "suites": [],
      "passes": [
        "5b3874f7-60ab-4796-8c39-7293c63c084b",
        "68829655-1434-4924-ad17-d4f22ef53786"
      ],
      "failures": [],
      "pending": [],
      "skipped": [],
      "duration": 3092,
      "root": true,
      "rootEmpty": false,
      "_timeout": 2000
    }
  ],
  "meta": {
    "mocha": {
      "version": "7.0.1"
    },
    "mochawesome": {
      "options": {
        "quiet": false,
        "reportFilename": "mochawesome",
        "saveHtml": false,
        "saveJson": true,
        "consoleReporter": "spec",
        "useInlineDiffs": false,
        "code": true
      },
      "version": "7.1.3"
    },
    "marge": {
      "options": {
        "chart": true,
        "overwrite": false,
        "html": false,
        "json": true,
        "reportDir": "cypress/reports"
      },
      "version": "6.2.0"
    }
  }
}